app/build/outputs/logs/manifest-merger-debug-report.txt
-- Merging decision tree log ---
manifest
ADDED from src/main/AndroidManifest.xml:2:1-47:12
INJECTED from src/main/AndroidManifest.xml:2:1-47:12
INJECTED from src/main/AndroidManifest.xml:2:1-47:12
INJECTED from src/main/AndroidManifest.xml:2:1-47:12
MERGED from [com.android.volley:volley:1.0.0] AndroidManifest.xml:2:1-11:12
MERGED from [com.android.support:design:27.1.0] AndroidManifest.xml:17:1-22:12
MERGED from [com.android.support:recyclerview-v7:27.1.0] AndroidManifest.xml:17:1-22:12
MERGED from [com.android.support:cardview-v7:27.1.0] AndroidManifest.xml:17:1-22:12
MERGED from [com.google.android.gms:play-services:11.4.0] AndroidManifest.xml:2:1-6:12
MERGED from [com.google.firebase:firebase-core:10.2.0] AndroidManifest.xml:2:1-6:12
MERGED from [com.google.firebase:firebase-database:11.4.0] AndroidManifest.xml:2:1-4:12
MERGED from [com.craftman.cardform:cardform:0.0.2] AndroidManifest.xml:2:1-17:12
MERGED from [com.amulyakhare:com.amulyakhare.textdrawable:1.0.1] AndroidManifest.xml:2:1-14:12
MERGED from [com.android.support:multidex:1.0.2] AndroidManifest.xml:17:1-22:12
MERGED from [com.google.android.gms:play-services-cast-framework:11.4.0] AndroidManifest.xml:2:1-9:12
MERGED from [com.google.android.gms:play-services-cast:11.4.0] AndroidManifest.xml:16:1-19:12
MERGED from [com.android.support:mediarouter-v7:25.2.0] AndroidManifest.xml:17:1-24:12
MERGED from [com.android.support:appcompat-v7:27.1.0] AndroidManifest.xml:17:1-22:12
MERGED from [com.android.support.constraint:constraint-layout:1.0.2] AndroidManifest.xml:2:1-11:12
MERGED from [com.google.android.gms:play-services-ads:11.4.0] AndroidManifest.xml:16:1-18:12
MERGED from [com.google.android.gms:play-services-ads-lite:11.4.0] AndroidManifest.xml:16:1-27:12
MERGED from [com.google.android.gms:play-services-analytics:11.4.0] AndroidManifest.xml:16:1-33:12
MERGED from [com.google.android.gms:play-services-tagmanager:11.4.0] AndroidManifest.xml:16:1-18:12
MERGED from [com.google.android.gms:play-services-tagmanager-v4-impl:11.4.0] AndroidManifest.xml:16:1-20:12
MERGED from [com.google.android.gms:play-services-analytics-impl:11.4.0] AndroidManifest.xml:16:1-27:12
MERGED from [com.google.android.gms:play-services-appinvite:11.4.0] AndroidManifest.xml:16:1-27:12
MERGED from [com.google.android.gms:play-services-auth:11.4.0] AndroidManifest.xml:16:1-26:12
MERGED from [com.google.android.gms:play-services-auth-api-phone:11.4.0] AndroidManifest.xml:2:1-4:12
MERGED from [com.google.android.gms:play-services-auth-base:11.4.0] AndroidManifest.xml:2:1-5:12
MERGED from [com.google.firebase:firebase-config:11.4.0] AndroidManifest.xml:16:1-19:12
MERGED from [com.google.android.gms:play-services-awareness:11.4.0] AndroidManifest.xml:16:1-19:12
MERGED from [com.google.android.gms:play-services-games:11.4.0] AndroidManifest.xml:16:1-19:12
MERGED from [com.google.android.gms:play-services-drive:11.4.0] AndroidManifest.xml:16:1-19:12
MERGED from [com.google.android.gms:play-services-fido:11.4.0] AndroidManifest.xml:2:1-7:12
MERGED from [com.google.firebase:firebase-auth:11.4.0] AndroidManifest.xml:16:1-21:12
MERGED from [com.google.firebase:firebase-dynamic-links:11.4.0] AndroidManifest.xml:2:1-6:12
MERGED from [com.google.android.gms:play-services-fitness:11.4.0] AndroidManifest.xml:16:1-19:12
MERGED from [com.google.android.gms:play-services-gcm:11.4.0] AndroidManifest.xml:16:1-24:12
MERGED from [com.google.firebase:firebase-appindexing:11.4.0] AndroidManifest.xml:16:1-19:12
MERGED from [com.google.android.gms:play-services-wallet:11.4.0] AndroidManifest.xml:16:1-20:12
MERGED from [com.google.android.gms:play-services-identity:11.4.0] AndroidManifest.xml:16:1-19:12
MERGED from [com.google.android.gms:play-services-iid:11.4.0] AndroidManifest.xml:16:1-24:12
MERGED from [com.google.android.gms:play-services-instantapps:11.4.0] AndroidManifest.xml:2:1-4:12
MERGED from [com.google.android.gms:play-services-location:11.4.0] AndroidManifest.xml:2:1-5:12
MERGED from [com.google.android.gms:play-services-places:11.4.0] AndroidManifest.xml:16:1-19:12
MERGED from [com.google.android.gms:play-services-maps:11.4.0] AndroidManifest.xml:16:1-25:12
MERGED from [com.google.android.gms:play-services-nearby:11.4.0] AndroidManifest.xml:2:1-6:12
MERGED from [com.google.android.gms:play-services-panorama:11.4.0] AndroidManifest.xml:16:1-19:12
MERGED from [com.google.android.gms:play-services-plus:11.4.0] AndroidManifest.xml:16:1-19:12
MERGED from [com.google.android.gms:play-services-safetynet:11.4.0] AndroidManifest.xml:16:1-19:12
MERGED from [com.google.android.gms:play-services-vision:11.4.0] AndroidManifest.xml:2:1-5:12
MERGED from [com.google.android.gms:play-services-vision-common:11.4.0] AndroidManifest.xml:2:1-5:12
MERGED from [com.google.android.gms:play-services-wearable:11.4.0] AndroidManifest.xml:16:1-19:12
MERGED from [com.google.android.gms:play-services-base:11.4.0] AndroidManifest.xml:16:1-21:12
MERGED from [com.google.firebase:firebase-crash:11.4.0] AndroidManifest.xml:16:1-25:12
MERGED from [com.google.firebase:firebase-database-connection:11.4.0] AndroidManifest.xml:2:1-4:12
MERGED from [com.google.firebase:firebase-messaging:11.4.0] AndroidManifest.xml:16:1-30:12
MERGED from [com.google.android.gms:play-services-tagmanager-api:11.4.0] AndroidManifest.xml:16:1-34:12
MERGED from [com.google.firebase:firebase-analytics:11.4.0] AndroidManifest.xml:16:1-35:12
MERGED from [com.google.firebase:firebase-analytics-impl:11.4.0] AndroidManifest.xml:16:1-29:12
MERGED from [com.google.firebase:firebase-iid:11.4.0] AndroidManifest.xml:16:1-50:12
MERGED from [com.google.firebase:firebase-storage:11.4.0] AndroidManifest.xml:2:1-4:12
MERGED from [com.google.firebase:firebase-storage-common:11.4.0] AndroidManifest.xml:2:1-4:12
MERGED from [com.google.firebase:firebase-common:11.4.0] AndroidManifest.xml:2:1-8:12
MERGED from [com.google.android.gms:play-services-gass:11.4.0] AndroidManifest.xml:2:1-5:12
MERGED from [com.google.android.gms:play-services-tasks:11.4.0] AndroidManifest.xml:2:1-5:12
MERGED from [com.google.android.gms:play-services-basement:11.4.0] AndroidManifest.xml:16:1-23:12
MERGED from [com.android.support:support-v4:27.1.0] AndroidManifest.xml:17:1-22:12
MERGED from [com.android.support:support-fragment:27.1.0] AndroidManifest.xml:17:1-22:12
MERGED from [com.android.support:animated-vector-drawable:27.1.0] AndroidManifest.xml:17:1-22:12
MERGED from [com.android.support:support-core-ui:27.1.0] AndroidManifest.xml:17:1-22:12
MERGED from [com.android.support:transition:27.1.0] AndroidManifest.xml:17:1-22:12
MERGED from [com.android.support:support-media-compat:27.1.0] AndroidManifest.xml:17:1-22:12
MERGED from [com.android.support:support-vector-drawable:27.1.0] AndroidManifest.xml:17:1-22:12
MERGED from [com.android.support:palette-v7:25.2.0] AndroidManifest.xml:17:1-25:12
MERGED from [com.android.support:support-core-utils:27.1.0] AndroidManifest.xml:17:1-22:12
MERGED from [com.android.support:support-compat:27.1.0] AndroidManifest.xml:17:1-22:12
MERGED from [android.arch.lifecycle:runtime:1.1.0] AndroidManifest.xml:17:1-22:12
MERGED from [android.arch.lifecycle:livedata-core:1.1.0] AndroidManifest.xml:17:1-22:12
MERGED from [android.arch.lifecycle:viewmodel:1.1.0] AndroidManifest.xml:17:1-22:12
MERGED from [android.arch.core:runtime:1.1.0] AndroidManifest.xml:17:1-22:12
INJECTED from src/main/AndroidManifest.xml:2:1-47:12
INJECTED from src/main/AndroidManifest.xml:2:1-47:12
INJECTED from src/main/AndroidManifest.xml:2:1-47:12
	package
		ADDED from src/main/AndroidManifest.xml:3:5-43
		INJECTED from src/main/AndroidManifest.xml
		INJECTED from src/main/AndroidManifest.xml
	android:versionName
		INJECTED from src/main/AndroidManifest.xml
		ADDED from src/main/AndroidManifest.xml:2:1-47:12
		INJECTED from src/main/AndroidManifest.xml
	android:versionCode
		INJECTED from src/main/AndroidManifest.xml
		ADDED from src/main/AndroidManifest.xml:2:1-47:12
		INJECTED from src/main/AndroidManifest.xml
	xmlns:android
		ADDED from src/main/AndroidManifest.xml:2:11-69
uses-permission#android.permission.INTERNET
ADDED from src/main/AndroidManifest.xml:5:5-67
MERGED from [com.google.android.gms:play-services-ads-lite:11.4.0] AndroidManifest.xml:19:5-66
MERGED from [com.google.android.gms:play-services-ads-lite:11.4.0] AndroidManifest.xml:19:5-66
MERGED from [com.google.android.gms:play-services-analytics:11.4.0] AndroidManifest.xml:20:5-66
MERGED from [com.google.android.gms:play-services-analytics:11.4.0] AndroidManifest.xml:20:5-66
MERGED from [com.google.android.gms:play-services-analytics-impl:11.4.0] AndroidManifest.xml:20:5-66
MERGED from [com.google.android.gms:play-services-analytics-impl:11.4.0] AndroidManifest.xml:20:5-66
MERGED from [com.google.android.gms:play-services-appinvite:11.4.0] AndroidManifest.xml:18:5-66
MERGED from [com.google.android.gms:play-services-appinvite:11.4.0] AndroidManifest.xml:18:5-66
MERGED from [com.google.android.gms:play-services-gcm:11.4.0] AndroidManifest.xml:21:5-66
MERGED from [com.google.android.gms:play-services-gcm:11.4.0] AndroidManifest.xml:21:5-66
MERGED from [com.google.android.gms:play-services-iid:11.4.0] AndroidManifest.xml:21:5-66
MERGED from [com.google.android.gms:play-services-iid:11.4.0] AndroidManifest.xml:21:5-66
MERGED from [com.google.android.gms:play-services-maps:11.4.0] AndroidManifest.xml:20:5-66
MERGED from [com.google.android.gms:play-services-maps:11.4.0] AndroidManifest.xml:20:5-66
MERGED from [com.google.firebase:firebase-crash:11.4.0] AndroidManifest.xml:18:5-66
MERGED from [com.google.firebase:firebase-crash:11.4.0] AndroidManifest.xml:18:5-66
MERGED from [com.google.android.gms:play-services-tagmanager-api:11.4.0] AndroidManifest.xml:20:5-66
MERGED from [com.google.android.gms:play-services-tagmanager-api:11.4.0] AndroidManifest.xml:20:5-66
MERGED from [com.google.firebase:firebase-analytics:11.4.0] AndroidManifest.xml:20:5-66
MERGED from [com.google.firebase:firebase-analytics:11.4.0] AndroidManifest.xml:20:5-66
MERGED from [com.google.firebase:firebase-analytics-impl:11.4.0] AndroidManifest.xml:20:5-66
MERGED from [com.google.firebase:firebase-analytics-impl:11.4.0] AndroidManifest.xml:20:5-66
MERGED from [com.google.firebase:firebase-iid:11.4.0] AndroidManifest.xml:20:5-66
MERGED from [com.google.firebase:firebase-iid:11.4.0] AndroidManifest.xml:20:5-66
	android:name
		ADDED from src/main/AndroidManifest.xml:5:22-64
application
ADDED from src/main/AndroidManifest.xml:7:5-45:19
MERGED from [com.android.volley:volley:1.0.0] AndroidManifest.xml:9:5-20
MERGED from [com.android.volley:volley:1.0.0] AndroidManifest.xml:9:5-20
MERGED from [com.google.android.gms:play-services:11.4.0] AndroidManifest.xml:5:5-20
MERGED from [com.google.android.gms:play-services:11.4.0] AndroidManifest.xml:5:5-20
MERGED from [com.google.firebase:firebase-core:10.2.0] AndroidManifest.xml:5:5-20
MERGED from [com.google.firebase:firebase-core:10.2.0] AndroidManifest.xml:5:5-20
MERGED from [com.craftman.cardform:cardform:0.0.2] AndroidManifest.xml:11:5-15:19
MERGED from [com.craftman.cardform:cardform:0.0.2] AndroidManifest.xml:11:5-15:19
MERGED from [com.amulyakhare:com.amulyakhare.textdrawable:1.0.1] AndroidManifest.xml:12:5-20
MERGED from [com.amulyakhare:com.amulyakhare.textdrawable:1.0.1] AndroidManifest.xml:12:5-20
MERGED from [com.google.android.gms:play-services-cast-framework:11.4.0] AndroidManifest.xml:4:5-8:19
MERGED from [com.google.android.gms:play-services-cast-framework:11.4.0] AndroidManifest.xml:4:5-8:19
MERGED from [com.google.android.gms:play-services-cast:11.4.0] AndroidManifest.xml:18:5-19
MERGED from [com.google.android.gms:play-services-cast:11.4.0] AndroidManifest.xml:18:5-19
MERGED from [com.android.support:mediarouter-v7:25.2.0] AndroidManifest.xml:22:5-20
MERGED from [com.android.support:mediarouter-v7:25.2.0] AndroidManifest.xml:22:5-20
MERGED from [com.android.support.constraint:constraint-layout:1.0.2] AndroidManifest.xml:9:5-20
MERGED from [com.android.support.constraint:constraint-layout:1.0.2] AndroidManifest.xml:9:5-20
MERGED from [com.google.android.gms:play-services-ads-lite:11.4.0] AndroidManifest.xml:23:5-26:19
MERGED from [com.google.android.gms:play-services-ads-lite:11.4.0] AndroidManifest.xml:23:5-26:19
MERGED from [com.google.android.gms:play-services-analytics:11.4.0] AndroidManifest.xml:26:5-31:19
MERGED from [com.google.android.gms:play-services-analytics:11.4.0] AndroidManifest.xml:26:5-31:19
MERGED from [com.google.android.gms:play-services-tagmanager-v4-impl:11.4.0] AndroidManifest.xml:19:5-19
MERGED from [com.google.android.gms:play-services-tagmanager-v4-impl:11.4.0] AndroidManifest.xml:19:5-19
MERGED from [com.google.android.gms:play-services-analytics-impl:11.4.0] AndroidManifest.xml:26:5-19
MERGED from [com.google.android.gms:play-services-analytics-impl:11.4.0] AndroidManifest.xml:26:5-19
MERGED from [com.google.android.gms:play-services-appinvite:11.4.0] AndroidManifest.xml:19:5-26:19
MERGED from [com.google.android.gms:play-services-appinvite:11.4.0] AndroidManifest.xml:19:5-26:19
MERGED from [com.google.android.gms:play-services-auth:11.4.0] AndroidManifest.xml:19:5-25:19
MERGED from [com.google.android.gms:play-services-auth:11.4.0] AndroidManifest.xml:19:5-25:19
MERGED from [com.google.firebase:firebase-config:11.4.0] AndroidManifest.xml:18:5-19
MERGED from [com.google.firebase:firebase-config:11.4.0] AndroidManifest.xml:18:5-19
MERGED from [com.google.android.gms:play-services-awareness:11.4.0] AndroidManifest.xml:18:5-19
MERGED from [com.google.android.gms:play-services-awareness:11.4.0] AndroidManifest.xml:18:5-19
MERGED from [com.google.android.gms:play-services-games:11.4.0] AndroidManifest.xml:18:5-19
MERGED from [com.google.android.gms:play-services-games:11.4.0] AndroidManifest.xml:18:5-19
MERGED from [com.google.android.gms:play-services-drive:11.4.0] AndroidManifest.xml:18:5-19
MERGED from [com.google.android.gms:play-services-drive:11.4.0] AndroidManifest.xml:18:5-19
MERGED from [com.google.android.gms:play-services-fido:11.4.0] AndroidManifest.xml:5:3-6:17
MERGED from [com.google.android.gms:play-services-fido:11.4.0] AndroidManifest.xml:5:3-6:17
MERGED from [com.google.firebase:firebase-auth:11.4.0] AndroidManifest.xml:19:5-20:19
MERGED from [com.google.firebase:firebase-auth:11.4.0] AndroidManifest.xml:19:5-20:19
MERGED from [com.google.firebase:firebase-dynamic-links:11.4.0] AndroidManifest.xml:5:3-17
MERGED from [com.google.firebase:firebase-dynamic-links:11.4.0] AndroidManifest.xml:5:3-17
MERGED from [com.google.android.gms:play-services-fitness:11.4.0] AndroidManifest.xml:18:5-19
MERGED from [com.google.android.gms:play-services-fitness:11.4.0] AndroidManifest.xml:18:5-19
MERGED from [com.google.android.gms:play-services-gcm:11.4.0] AndroidManifest.xml:23:5-19
MERGED from [com.google.android.gms:play-services-gcm:11.4.0] AndroidManifest.xml:23:5-19
MERGED from [com.google.firebase:firebase-appindexing:11.4.0] AndroidManifest.xml:18:5-19
MERGED from [com.google.firebase:firebase-appindexing:11.4.0] AndroidManifest.xml:18:5-19
MERGED from [com.google.android.gms:play-services-identity:11.4.0] AndroidManifest.xml:18:5-19
MERGED from [com.google.android.gms:play-services-identity:11.4.0] AndroidManifest.xml:18:5-19
MERGED from [com.google.android.gms:play-services-iid:11.4.0] AndroidManifest.xml:23:5-19
MERGED from [com.google.android.gms:play-services-iid:11.4.0] AndroidManifest.xml:23:5-19
MERGED from [com.google.android.gms:play-services-location:11.4.0] AndroidManifest.xml:4:5-19
MERGED from [com.google.android.gms:play-services-location:11.4.0] AndroidManifest.xml:4:5-19
MERGED from [com.google.android.gms:play-services-places:11.4.0] AndroidManifest.xml:18:5-19
MERGED from [com.google.android.gms:play-services-places:11.4.0] AndroidManifest.xml:18:5-19
MERGED from [com.google.android.gms:play-services-maps:11.4.0] AndroidManifest.xml:24:5-19
MERGED from [com.google.android.gms:play-services-maps:11.4.0] AndroidManifest.xml:24:5-19
MERGED from [com.google.android.gms:play-services-nearby:11.4.0] AndroidManifest.xml:5:5-19
MERGED from [com.google.android.gms:play-services-nearby:11.4.0] AndroidManifest.xml:5:5-19
MERGED from [com.google.android.gms:play-services-panorama:11.4.0] AndroidManifest.xml:18:5-19
MERGED from [com.google.android.gms:play-services-panorama:11.4.0] AndroidManifest.xml:18:5-19
MERGED from [com.google.android.gms:play-services-plus:11.4.0] AndroidManifest.xml:18:5-19
MERGED from [com.google.android.gms:play-services-plus:11.4.0] AndroidManifest.xml:18:5-19
MERGED from [com.google.android.gms:play-services-safetynet:11.4.0] AndroidManifest.xml:18:5-19
MERGED from [com.google.android.gms:play-services-safetynet:11.4.0] AndroidManifest.xml:18:5-19
MERGED from [com.google.android.gms:play-services-vision:11.4.0] AndroidManifest.xml:4:5-19
MERGED from [com.google.android.gms:play-services-vision:11.4.0] AndroidManifest.xml:4:5-19
MERGED from [com.google.android.gms:play-services-vision-common:11.4.0] AndroidManifest.xml:4:5-19
MERGED from [com.google.android.gms:play-services-vision-common:11.4.0] AndroidManifest.xml:4:5-19
MERGED from [com.google.android.gms:play-services-wearable:11.4.0] AndroidManifest.xml:18:5-19
MERGED from [com.google.android.gms:play-services-wearable:11.4.0] AndroidManifest.xml:18:5-19
MERGED from [com.google.android.gms:play-services-base:11.4.0] AndroidManifest.xml:18:5-20:19
MERGED from [com.google.android.gms:play-services-base:11.4.0] AndroidManifest.xml:18:5-20:19
MERGED from [com.google.firebase:firebase-crash:11.4.0] AndroidManifest.xml:22:5-23:19
MERGED from [com.google.firebase:firebase-crash:11.4.0] AndroidManifest.xml:22:5-23:19
MERGED from [com.google.firebase:firebase-messaging:11.4.0] AndroidManifest.xml:19:5-29:19
MERGED from [com.google.firebase:firebase-messaging:11.4.0] AndroidManifest.xml:19:5-29:19
MERGED from [com.google.android.gms:play-services-tagmanager-api:11.4.0] AndroidManifest.xml:23:5-33:19
MERGED from [com.google.android.gms:play-services-tagmanager-api:11.4.0] AndroidManifest.xml:23:5-33:19
MERGED from [com.google.firebase:firebase-analytics:11.4.0] AndroidManifest.xml:24:5-34:19
MERGED from [com.google.firebase:firebase-analytics:11.4.0] AndroidManifest.xml:24:5-34:19
MERGED from [com.google.firebase:firebase-analytics-impl:11.4.0] AndroidManifest.xml:24:5-28:19
MERGED from [com.google.firebase:firebase-analytics-impl:11.4.0] AndroidManifest.xml:24:5-28:19
MERGED from [com.google.firebase:firebase-iid:11.4.0] AndroidManifest.xml:28:5-49:19
MERGED from [com.google.firebase:firebase-iid:11.4.0] AndroidManifest.xml:28:5-49:19
MERGED from [com.google.firebase:firebase-common:11.4.0] AndroidManifest.xml:4:5-7:19
MERGED from [com.google.firebase:firebase-common:11.4.0] AndroidManifest.xml:4:5-7:19
MERGED from [com.google.android.gms:play-services-gass:11.4.0] AndroidManifest.xml:4:5-19
MERGED from [com.google.android.gms:play-services-gass:11.4.0] AndroidManifest.xml:4:5-19
MERGED from [com.google.android.gms:play-services-tasks:11.4.0] AndroidManifest.xml:4:5-19
MERGED from [com.google.android.gms:play-services-tasks:11.4.0] AndroidManifest.xml:4:5-19
MERGED from [com.google.android.gms:play-services-basement:11.4.0] AndroidManifest.xml:19:5-21:19
MERGED from [com.google.android.gms:play-services-basement:11.4.0] AndroidManifest.xml:19:5-21:19
MERGED from [com.android.support:palette-v7:25.2.0] AndroidManifest.xml:22:5-23:19
MERGED from [com.android.support:palette-v7:25.2.0] AndroidManifest.xml:22:5-23:19
	android:supportsRtl
		ADDED from src/main/AndroidManifest.xml:12:9-35
	android:label
		ADDED from src/main/AndroidManifest.xml:10:9-41
	android:roundIcon
		ADDED from src/main/AndroidManifest.xml:11:9-54
	android:icon
		ADDED from src/main/AndroidManifest.xml:9:9-43
	android:allowBackup
		ADDED from src/main/AndroidManifest.xml:8:9-35
	android:theme
		ADDED from src/main/AndroidManifest.xml:13:9-40
activity#com.example.majid.forurcomfy.MainActivity
ADDED from src/main/AndroidManifest.xml:14:9-20:20
	android:name
		ADDED from src/main/AndroidManifest.xml:14:19-47
intent-filter#android.intent.action.MAIN+android.intent.category.LAUNCHER
ADDED from src/main/AndroidManifest.xml:15:13-19:29
action#android.intent.action.MAIN
ADDED from src/main/AndroidManifest.xml:16:17-69
	android:name
		ADDED from src/main/AndroidManifest.xml:16:25-66
category#android.intent.category.LAUNCHER
ADDED from src/main/AndroidManifest.xml:18:17-77
	android:name
		ADDED from src/main/AndroidManifest.xml:18:27-74
activity#com.example.majid.forurcomfy.LoginActivity
ADDED from src/main/AndroidManifest.xml:21:9-23:58
	android:parentActivityName
		ADDED from src/main/AndroidManifest.xml:23:13-55
	android:name
		ADDED from src/main/AndroidManifest.xml:22:13-42
activity#com.example.majid.forurcomfy.RegisterActivity
ADDED from src/main/AndroidManifest.xml:24:9-26:58
	android:parentActivityName
		ADDED from src/main/AndroidManifest.xml:26:13-55
	android:name
		ADDED from src/main/AndroidManifest.xml:25:13-45
activity#com.example.majid.forurcomfy.UserAreaActivity
ADDED from src/main/AndroidManifest.xml:27:9-54
	android:name
		ADDED from src/main/AndroidManifest.xml:27:19-51
activity#com.example.majid.forurcomfy.ForgotPassActivity
ADDED from src/main/AndroidManifest.xml:28:9-30:59
	android:parentActivityName
		ADDED from src/main/AndroidManifest.xml:30:13-56
	android:name
		ADDED from src/main/AndroidManifest.xml:29:13-47
activity#com.example.majid.forurcomfy.DetailActivity
ADDED from src/main/AndroidManifest.xml:31:9-37:20
	android:parentActivityName
		ADDED from src/main/AndroidManifest.xml:33:13-59
	android:name
		ADDED from src/main/AndroidManifest.xml:32:13-43
meta-data#android.support.PARENT_ACTIVITY
ADDED from src/main/AndroidManifest.xml:34:13-36:53
	android:value
		ADDED from src/main/AndroidManifest.xml:36:17-50
	android:name
		ADDED from src/main/AndroidManifest.xml:35:17-63
activity#com.example.majid.forurcomfy.VeggiMenuActivity
ADDED from src/main/AndroidManifest.xml:38:9-55
	android:name
		ADDED from src/main/AndroidManifest.xml:38:19-52
activity#com.example.majid.forurcomfy.OrderActivity
ADDED from src/main/AndroidManifest.xml:39:9-51
	android:name
		ADDED from src/main/AndroidManifest.xml:39:19-48
activity#com.example.majid.forurcomfy.PaymentActivity
ADDED from src/main/AndroidManifest.xml:40:9-53
	android:name
		ADDED from src/main/AndroidManifest.xml:40:19-50
activity#com.example.majid.forurcomfy.Home
ADDED from src/main/AndroidManifest.xml:41:9-44:68
	android:label
		ADDED from src/main/AndroidManifest.xml:43:13-56
	android:theme
		ADDED from src/main/AndroidManifest.xml:44:13-56
	android:name
		ADDED from src/main/AndroidManifest.xml:42:13-33
uses-sdk
INJECTED from src/main/AndroidManifest.xml reason: use-sdk injection requested
INJECTED from src/main/AndroidManifest.xml
INJECTED from src/main/AndroidManifest.xml
MERGED from [com.android.volley:volley:1.0.0] AndroidManifest.xml:7:5-43
MERGED from [com.android.volley:volley:1.0.0] AndroidManifest.xml:7:5-43
MERGED from [com.android.support:design:27.1.0] AndroidManifest.xml:20:5-44
MERGED from [com.android.support:design:27.1.0] AndroidManifest.xml:20:5-44
MERGED from [com.android.support:recyclerview-v7:27.1.0] AndroidManifest.xml:20:5-44
MERGED from [com.android.support:recyclerview-v7:27.1.0] AndroidManifest.xml:20:5-44
MERGED from [com.android.support:cardview-v7:27.1.0] AndroidManifest.xml:20:5-44
MERGED from [com.android.support:cardview-v7:27.1.0] AndroidManifest.xml:20:5-44
MERGED from [com.google.android.gms:play-services:11.4.0] AndroidManifest.xml:4:5-43
MERGED from [com.google.android.gms:play-services:11.4.0] AndroidManifest.xml:4:5-43
MERGED from [com.google.firebase:firebase-core:10.2.0] AndroidManifest.xml:4:5-43
MERGED from [com.google.firebase:firebase-core:10.2.0] AndroidManifest.xml:4:5-43
MERGED from [com.google.firebase:firebase-database:11.4.0] AndroidManifest.xml:3:5-43
MERGED from [com.google.firebase:firebase-database:11.4.0] AndroidManifest.xml:3:5-43
MERGED from [com.craftman.cardform:cardform:0.0.2] AndroidManifest.xml:7:5-9:41
MERGED from [com.craftman.cardform:cardform:0.0.2] AndroidManifest.xml:7:5-9:41
MERGED from [com.amulyakhare:com.amulyakhare.textdrawable:1.0.1] AndroidManifest.xml:8:5-10:41
MERGED from [com.amulyakhare:com.amulyakhare.textdrawable:1.0.1] AndroidManifest.xml:8:5-10:41
MERGED from [com.android.support:multidex:1.0.2] AndroidManifest.xml:20:5-43
MERGED from [com.android.support:multidex:1.0.2] AndroidManifest.xml:20:5-43
MERGED from [com.google.android.gms:play-services-cast-framework:11.4.0] AndroidManifest.xml:3:5-43
MERGED from [com.google.android.gms:play-services-cast-framework:11.4.0] AndroidManifest.xml:3:5-43
MERGED from [com.google.android.gms:play-services-cast:11.4.0] AndroidManifest.xml:17:5-43
MERGED from [com.google.android.gms:play-services-cast:11.4.0] AndroidManifest.xml:17:5-43
MERGED from [com.android.support:mediarouter-v7:25.2.0] AndroidManifest.xml:20:5-43
MERGED from [com.android.support:mediarouter-v7:25.2.0] AndroidManifest.xml:20:5-43
MERGED from [com.android.support:appcompat-v7:27.1.0] AndroidManifest.xml:20:5-44
MERGED from [com.android.support:appcompat-v7:27.1.0] AndroidManifest.xml:20:5-44
MERGED from [com.android.support.constraint:constraint-layout:1.0.2] AndroidManifest.xml:5:5-7:41
MERGED from [com.android.support.constraint:constraint-layout:1.0.2] AndroidManifest.xml:5:5-7:41
MERGED from [com.google.android.gms:play-services-ads:11.4.0] AndroidManifest.xml:17:5-94
MERGED from [com.google.android.gms:play-services-ads:11.4.0] AndroidManifest.xml:17:5-94
MERGED from [com.google.android.gms:play-services-ads-lite:11.4.0] AndroidManifest.xml:22:5-43
MERGED from [com.google.android.gms:play-services-ads-lite:11.4.0] AndroidManifest.xml:22:5-43
MERGED from [com.google.android.gms:play-services-analytics:11.4.0] AndroidManifest.xml:17:5-43
MERGED from [com.google.android.gms:play-services-analytics:11.4.0] AndroidManifest.xml:17:5-43
MERGED from [com.google.android.gms:play-services-tagmanager:11.4.0] AndroidManifest.xml:17:5-43
MERGED from [com.google.android.gms:play-services-tagmanager:11.4.0] AndroidManifest.xml:17:5-43
MERGED from [com.google.android.gms:play-services-tagmanager-v4-impl:11.4.0] AndroidManifest.xml:17:5-43
MERGED from [com.google.android.gms:play-services-tagmanager-v4-impl:11.4.0] AndroidManifest.xml:17:5-43
MERGED from [com.google.android.gms:play-services-analytics-impl:11.4.0] AndroidManifest.xml:17:5-43
MERGED from [com.google.android.gms:play-services-analytics-impl:11.4.0] AndroidManifest.xml:17:5-43
MERGED from [com.google.android.gms:play-services-appinvite:11.4.0] AndroidManifest.xml:17:5-43
MERGED from [com.google.android.gms:play-services-appinvite:11.4.0] AndroidManifest.xml:17:5-43
MERGED from [com.google.android.gms:play-services-auth:11.4.0] AndroidManifest.xml:17:5-43
MERGED from [com.google.android.gms:play-services-auth:11.4.0] AndroidManifest.xml:17:5-43
MERGED from [com.google.android.gms:play-services-auth-api-phone:11.4.0] AndroidManifest.xml:3:3-41
MERGED from [com.google.android.gms:play-services-auth-api-phone:11.4.0] AndroidManifest.xml:3:3-41
MERGED from [com.google.android.gms:play-services-auth-base:11.4.0] AndroidManifest.xml:4:5-43
MERGED from [com.google.android.gms:play-services-auth-base:11.4.0] AndroidManifest.xml:4:5-43
MERGED from [com.google.firebase:firebase-config:11.4.0] AndroidManifest.xml:17:5-43
MERGED from [com.google.firebase:firebase-config:11.4.0] AndroidManifest.xml:17:5-43
MERGED from [com.google.android.gms:play-services-awareness:11.4.0] AndroidManifest.xml:17:5-43
MERGED from [com.google.android.gms:play-services-awareness:11.4.0] AndroidManifest.xml:17:5-43
MERGED from [com.google.android.gms:play-services-games:11.4.0] AndroidManifest.xml:17:5-43
MERGED from [com.google.android.gms:play-services-games:11.4.0] AndroidManifest.xml:17:5-43
MERGED from [com.google.android.gms:play-services-drive:11.4.0] AndroidManifest.xml:17:5-43
MERGED from [com.google.android.gms:play-services-drive:11.4.0] AndroidManifest.xml:17:5-43
MERGED from [com.google.android.gms:play-services-fido:11.4.0] AndroidManifest.xml:4:3-41
MERGED from [com.google.android.gms:play-services-fido:11.4.0] AndroidManifest.xml:4:3-41
MERGED from [com.google.firebase:firebase-auth:11.4.0] AndroidManifest.xml:17:5-43
MERGED from [com.google.firebase:firebase-auth:11.4.0] AndroidManifest.xml:17:5-43
MERGED from [com.google.firebase:firebase-dynamic-links:11.4.0] AndroidManifest.xml:3:3-41
MERGED from [com.google.firebase:firebase-dynamic-links:11.4.0] AndroidManifest.xml:3:3-41
MERGED from [com.google.android.gms:play-services-fitness:11.4.0] AndroidManifest.xml:17:5-43
MERGED from [com.google.android.gms:play-services-fitness:11.4.0] AndroidManifest.xml:17:5-43
MERGED from [com.google.android.gms:play-services-gcm:11.4.0] AndroidManifest.xml:17:5-43
MERGED from [com.google.android.gms:play-services-gcm:11.4.0] AndroidManifest.xml:17:5-43
MERGED from [com.google.firebase:firebase-appindexing:11.4.0] AndroidManifest.xml:17:5-43
MERGED from [com.google.firebase:firebase-appindexing:11.4.0] AndroidManifest.xml:17:5-43
MERGED from [com.google.android.gms:play-services-wallet:11.4.0] AndroidManifest.xml:18:5-43
MERGED from [com.google.android.gms:play-services-wallet:11.4.0] AndroidManifest.xml:18:5-43
MERGED from [com.google.android.gms:play-services-identity:11.4.0] AndroidManifest.xml:17:5-43
MERGED from [com.google.android.gms:play-services-identity:11.4.0] AndroidManifest.xml:17:5-43
MERGED from [com.google.android.gms:play-services-iid:11.4.0] AndroidManifest.xml:17:5-43
MERGED from [com.google.android.gms:play-services-iid:11.4.0] AndroidManifest.xml:17:5-43
MERGED from [com.google.android.gms:play-services-instantapps:11.4.0] AndroidManifest.xml:3:5-43
MERGED from [com.google.android.gms:play-services-instantapps:11.4.0] AndroidManifest.xml:3:5-43
MERGED from [com.google.android.gms:play-services-location:11.4.0] AndroidManifest.xml:3:5-43